Arguments: 
  /usr/local/Cellar/node/7.6.0/bin/node /usr/local/bin/yarn add webpack-dev-server

PATH: 
  /Users/tarunsharma-xft/.rbenv/shims:/Users/tarunsharma-xft/.bin:/usr/local/bin:/usr/bin:/bin:/usr/sbin:/sbin:.git/safe/../../bin:/Users/tarunsharma-xft/.bin:/usr/local/sbin:/usr/local/Cellar/node/7.6.0/bin

Yarn version: 
  0.24.5

Node version: 
  7.6.0

Platform: 
  darwin x64

npm manifest: 
  {
    "name": "frontend",
    "version": "1.0.0",
    "description": "My Training App",
    "main": "index.js",
    "scripts": {
      "watch": "webpack --config ./webpack.config.js  --hot --inline",
      "scss-compile": "node-sass  public/css/main.scss -o public/css/",
      "watch-css": "nodemon -e scss -x \"npm run scss-compile\"",
      "test": "echo \"Error: no test specified\" && exit 1",
      "build": "NODE_ENV=production webpack --config ./webpack.config.js  --hot --inline",
      "start-local": "webpack-dev-server --config ./webpack.config.js  --hot --inline",
      "start": "node server.js"
    },
    "author": "TarunSharma",
    "license": "MIT",
    "devDependencies": {
      "babel": "6.5.2",
      "babel-eslint": "^7.1.1",
      "babel-loader": "6.2.5",
      "babel-plugin-antd": "0.5.1",
      "babel-preset-es2015": "6.14.0",
      "babel-preset-react": "^6.5.0",
      "babel-preset-react-hmre": "^1.1.1",
      "babel-preset-stage-0": "^6.5.0",
      "babel-preset-stage-1": "6.13.0",
      "css-loader": "^0.23.1",
      "file-loader": "^0.8.5",
      "sass-loader": "^3.2.0",
      "style-loader": "^0.13.1",
      "url-loader": "^0.5.6",
      "webpack": "^1.12.14",
      "webpack-dev-middleware": "^1.6.1",
      "webpack-dev-server": "1.16.1",
      "webpack-hot-middleware": "^2.10.0"
    },
    "dependencies": {
      "antd": "^2.8.0",
      "axios": "^0.15.3",
      "babel-core": "^6.22.1",
      "css-loader": "^0.15.5",
      "email-templates": "2.5.2",
      "express": "4.13.4",
      "extract-text-webpack-plugin": "^0.8.2",
      "file-loader": "^0.10.1",
      "history": "4.2.0",
      "immutable": "3.8.1",
      "jest": "^19.0.2",
      "json-loader": "0.5.4",
      "jsonwebtoken": "7.1.9",
      "less": "^2.5.1",
      "less-loader": "^2.2.3",
      "node-sass": "^3.2.0",
      "react": "^15.3.0",
      "react-addons-test-utils": "^15.4.2",
      "react-dom": "^15.3.0",
      "react-markdown": "2.4.2",
      "react-redux": "^4.4.0",
      "react-router": "2.8.1",
      "react-router-redux": "4.0.6",
      "redux": "^3.6.0",
      "body-parser": "^1.18.2",
      "redux-thunk": "^2.1.0",
      "sass-loader": "^1.0.2",
      "scss-compile": "^0.1.7",
      "style-loader": "^0.12.3",
      "url-loader": "^0.5.8"
    }
  }

yarn manifest: 
  No manifest

Lockfile: 
  No lockfile

Trace: 
  Error: EACCES: permission denied, unlink '/Users/tarunsharma-xft/React-Assignment/node_modules/.yarn-integrity'
